Start testing: Sep 22 23:05 PDT
----------------------------------------------------------
1/1 Testing: vector_tests
1/1 Test: vector_tests
Command: "/mnt/c/Users/talla/Documents/dev/playing_around_cplusplus/custom_std_vector/build/vector_tests"
Directory: /mnt/c/Users/talla/Documents/dev/playing_around_cplusplus/custom_std_vector/build
"vector_tests" start time: Sep 22 23:05 PDT
Output:
----------------------------------------------------------
All vector tests passed
<end of output>
Test time =   0.00 sec
----------------------------------------------------------
Test Passed.
"vector_tests" end time: Sep 22 23:05 PDT
"vector_tests" time elapsed: 00:00:00
----------------------------------------------------------

End testing: Sep 22 23:05 PDT
